** Starting Mongrel listening at 0.0.0.0:3100
** Starting Rails with production environment...
/usr/local/zc_sch/config/boot.rb:20:Warning: Gem::SourceIndex#search support for String patterns is deprecated
** Rails loaded.
** Loading any Rails specific GemPlugins
** Signals ready.  TERM => stop.  USR2 => restart.  INT => stop (no restart).
** Rails signals registered.  HUP => reload (without restart).  It might not work well.
** Mongrel 1.1.4 available at 0.0.0.0:3100
** Use CTRL-C to stop.
** Starting Mongrel listening at 0.0.0.0:3100
** Starting Rails with production environment...
/usr/local/zc_sch/config/boot.rb:20:Warning: Gem::SourceIndex#search support for String patterns is deprecated
** Rails loaded.
** Loading any Rails specific GemPlugins
** Signals ready.  TERM => stop.  USR2 => restart.  INT => stop (no restart).
** Rails signals registered.  HUP => reload (without restart).  It might not work well.
** Mongrel 1.1.4 available at 0.0.0.0:3100
** Use CTRL-C to stop.
** Starting Mongrel listening at 0.0.0.0:3100
/usr/local/ruby/lib/ruby/gems/1.8/gems/mongrel-1.1.4/bin/../lib/mongrel/tcphack.rb:12:in `initialize_without_backlog': Address already in use - bind(2) (Errno::EADDRINUSE)
	from /usr/local/ruby/lib/ruby/gems/1.8/gems/mongrel-1.1.4/bin/../lib/mongrel/tcphack.rb:12:in `initialize'
	from /usr/local/ruby/lib/ruby/gems/1.8/gems/mongrel-1.1.4/bin/../lib/mongrel.rb:93:in `new'
	from /usr/local/ruby/lib/ruby/gems/1.8/gems/mongrel-1.1.4/bin/../lib/mongrel.rb:93:in `initialize'
	from /usr/local/ruby/lib/ruby/gems/1.8/gems/mongrel-1.1.4/bin/../lib/mongrel/configurator.rb:139:in `new'
	from /usr/local/ruby/lib/ruby/gems/1.8/gems/mongrel-1.1.4/bin/../lib/mongrel/configurator.rb:139:in `listener'
	from /usr/local/ruby/lib/ruby/gems/1.8/gems/mongrel-1.1.4/bin/mongrel_rails:99:in `cloaker_'
	from /usr/local/ruby/lib/ruby/gems/1.8/gems/mongrel-1.1.4/bin/../lib/mongrel/configurator.rb:50:in `call'
	from /usr/local/ruby/lib/ruby/gems/1.8/gems/mongrel-1.1.4/bin/../lib/mongrel/configurator.rb:50:in `initialize'
	from /usr/local/ruby/lib/ruby/gems/1.8/gems/mongrel-1.1.4/bin/mongrel_rails:84:in `new'
	from /usr/local/ruby/lib/ruby/gems/1.8/gems/mongrel-1.1.4/bin/mongrel_rails:84:in `run'
	from /usr/local/ruby/lib/ruby/gems/1.8/gems/mongrel-1.1.4/bin/../lib/mongrel/command.rb:212:in `run'
	from /usr/local/ruby/lib/ruby/gems/1.8/gems/mongrel-1.1.4/bin/mongrel_rails:281
	from /usr/local/ruby/bin/mongrel_rails:19:in `load'
	from /usr/local/ruby/bin/mongrel_rails:19
** Starting Mongrel listening at 0.0.0.0:3100
** Starting Rails with production environment...
/usr/local/zc_sch/config/boot.rb:20:Warning: Gem::SourceIndex#search support for String patterns is deprecated
** Rails loaded.
** Loading any Rails specific GemPlugins
** Signals ready.  TERM => stop.  USR2 => restart.  INT => stop (no restart).
** Rails signals registered.  HUP => reload (without restart).  It might not work well.
** Mongrel 1.1.4 available at 0.0.0.0:3100
** Use CTRL-C to stop.
** Starting Mongrel listening at 0.0.0.0:3100
** Starting Rails with production environment...
/usr/local/zc_sch/config/boot.rb:20:Warning: Gem::SourceIndex#search support for String patterns is deprecated
** Rails loaded.
** Loading any Rails specific GemPlugins
** Signals ready.  TERM => stop.  USR2 => restart.  INT => stop (no restart).
** Rails signals registered.  HUP => reload (without restart).  It might not work well.
** Mongrel 1.1.4 available at 0.0.0.0:3100
** Use CTRL-C to stop.
** Starting Mongrel listening at 0.0.0.0:3100
** Starting Rails with production environment...
/usr/local/zc_sch/config/boot.rb:20:Warning: Gem::SourceIndex#search support for String patterns is deprecated
** Rails loaded.
** Loading any Rails specific GemPlugins
** Signals ready.  TERM => stop.  USR2 => restart.  INT => stop (no restart).
** Rails signals registered.  HUP => reload (without restart).  It might not work well.
** Mongrel 1.1.4 available at 0.0.0.0:3100
** Use CTRL-C to stop.
** Starting Mongrel listening at 0.0.0.0:3100
** Starting Rails with production environment...
/usr/local/zc_sch/config/boot.rb:20:Warning: Gem::SourceIndex#search support for String patterns is deprecated
** Rails loaded.
** Loading any Rails specific GemPlugins
** Signals ready.  TERM => stop.  USR2 => restart.  INT => stop (no restart).
** Rails signals registered.  HUP => reload (without restart).  It might not work well.
** Mongrel 1.1.4 available at 0.0.0.0:3100
** Use CTRL-C to stop.
** Starting Mongrel listening at 0.0.0.0:3100
** Starting Rails with production environment...
/usr/local/zc_sch/config/boot.rb:20:Warning: Gem::SourceIndex#search support for String patterns is deprecated
** Rails loaded.
** Loading any Rails specific GemPlugins
** Signals ready.  TERM => stop.  USR2 => restart.  INT => stop (no restart).
** Rails signals registered.  HUP => reload (without restart).  It might not work well.
** Mongrel 1.1.4 available at 0.0.0.0:3100
** Use CTRL-C to stop.
** Starting Mongrel listening at 0.0.0.0:3100
/usr/local/ruby/lib/ruby/gems/1.8/gems/mongrel-1.1.4/bin/../lib/mongrel/tcphack.rb:12:in `initialize_without_backlog': Address already in use - bind(2) (Errno::EADDRINUSE)
	from /usr/local/ruby/lib/ruby/gems/1.8/gems/mongrel-1.1.4/bin/../lib/mongrel/tcphack.rb:12:in `initialize'
	from /usr/local/ruby/lib/ruby/gems/1.8/gems/mongrel-1.1.4/bin/../lib/mongrel.rb:93:in `new'
	from /usr/local/ruby/lib/ruby/gems/1.8/gems/mongrel-1.1.4/bin/../lib/mongrel.rb:93:in `initialize'
	from /usr/local/ruby/lib/ruby/gems/1.8/gems/mongrel-1.1.4/bin/../lib/mongrel/configurator.rb:139:in `new'
	from /usr/local/ruby/lib/ruby/gems/1.8/gems/mongrel-1.1.4/bin/../lib/mongrel/configurator.rb:139:in `listener'
	from /usr/local/ruby/lib/ruby/gems/1.8/gems/mongrel-1.1.4/bin/mongrel_rails:99:in `cloaker_'
	from /usr/local/ruby/lib/ruby/gems/1.8/gems/mongrel-1.1.4/bin/../lib/mongrel/configurator.rb:50:in `call'
	from /usr/local/ruby/lib/ruby/gems/1.8/gems/mongrel-1.1.4/bin/../lib/mongrel/configurator.rb:50:in `initialize'
	from /usr/local/ruby/lib/ruby/gems/1.8/gems/mongrel-1.1.4/bin/mongrel_rails:84:in `new'
	from /usr/local/ruby/lib/ruby/gems/1.8/gems/mongrel-1.1.4/bin/mongrel_rails:84:in `run'
	from /usr/local/ruby/lib/ruby/gems/1.8/gems/mongrel-1.1.4/bin/../lib/mongrel/command.rb:212:in `run'
	from /usr/local/ruby/lib/ruby/gems/1.8/gems/mongrel-1.1.4/bin/mongrel_rails:281
	from /usr/local/ruby/bin/mongrel_rails:19:in `load'
	from /usr/local/ruby/bin/mongrel_rails:19
** Starting Mongrel listening at 0.0.0.0:3100
** Starting Rails with production environment...
/usr/local/zc_sch/config/boot.rb:20:Warning: Gem::SourceIndex#search support for String patterns is deprecated
** Rails loaded.
** Loading any Rails specific GemPlugins
** Signals ready.  TERM => stop.  USR2 => restart.  INT => stop (no restart).
** Rails signals registered.  HUP => reload (without restart).  It might not work well.
** Mongrel 1.1.4 available at 0.0.0.0:3100
** Use CTRL-C to stop.
** TERM signal received.
** Starting Mongrel listening at 0.0.0.0:3100
** Starting Rails with production environment...
/usr/local/zc_sch/config/boot.rb:20:Warning: Gem::SourceIndex#search support for String patterns is deprecated
** Rails loaded.
** Loading any Rails specific GemPlugins
** Signals ready.  TERM => stop.  USR2 => restart.  INT => stop (no restart).
** Rails signals registered.  HUP => reload (without restart).  It might not work well.
** Mongrel 1.1.4 available at 0.0.0.0:3100
** Use CTRL-C to stop.
** Starting Mongrel listening at 0.0.0.0:3100
** Starting Rails with production environment...
/usr/local/zc_sch/config/boot.rb:20:Warning: Gem::SourceIndex#search support for String patterns is deprecated
** Rails loaded.
** Loading any Rails specific GemPlugins
** Signals ready.  TERM => stop.  USR2 => restart.  INT => stop (no restart).
** Rails signals registered.  HUP => reload (without restart).  It might not work well.
** Mongrel 1.1.4 available at 0.0.0.0:3100
** Use CTRL-C to stop.
** Starting Mongrel listening at 0.0.0.0:3100
** Starting Rails with production environment...
/usr/local/zc_sch/config/boot.rb:20:Warning: Gem::SourceIndex#search support for String patterns is deprecated
** Rails loaded.
** Loading any Rails specific GemPlugins
** Signals ready.  TERM => stop.  USR2 => restart.  INT => stop (no restart).
** Rails signals registered.  HUP => reload (without restart).  It might not work well.
** Mongrel 1.1.4 available at 0.0.0.0:3100
** Use CTRL-C to stop.
** Starting Mongrel listening at 0.0.0.0:3100
** Starting Rails with production environment...
/usr/local/zc_sch/config/boot.rb:20:Warning: Gem::SourceIndex#search support for String patterns is deprecated
** Rails loaded.
** Loading any Rails specific GemPlugins
** Signals ready.  TERM => stop.  USR2 => restart.  INT => stop (no restart).
** Rails signals registered.  HUP => reload (without restart).  It might not work well.
** Mongrel 1.1.4 available at 0.0.0.0:3100
** Use CTRL-C to stop.
** Starting Mongrel listening at 0.0.0.0:3100
** Starting Rails with production environment...
/usr/local/zc_sch/config/boot.rb:20:Warning: Gem::SourceIndex#search support for String patterns is deprecated
** Rails loaded.
** Loading any Rails specific GemPlugins
** Signals ready.  TERM => stop.  USR2 => restart.  INT => stop (no restart).
** Rails signals registered.  HUP => reload (without restart).  It might not work well.
** Mongrel 1.1.4 available at 0.0.0.0:3100
** Use CTRL-C to stop.
** Starting Mongrel listening at 0.0.0.0:3100
** Starting Rails with production environment...
/usr/local/zc_sch/config/boot.rb:20:Warning: Gem::SourceIndex#search support for String patterns is deprecated
** Rails loaded.
** Loading any Rails specific GemPlugins
** Signals ready.  TERM => stop.  USR2 => restart.  INT => stop (no restart).
** Rails signals registered.  HUP => reload (without restart).  It might not work well.
** Mongrel 1.1.4 available at 0.0.0.0:3100
** Use CTRL-C to stop.
** Starting Mongrel listening at 0.0.0.0:3100
** Starting Rails with production environment...
/usr/local/zc_sch/config/boot.rb:20:Warning: Gem::SourceIndex#search support for String patterns is deprecated
** Rails loaded.
** Loading any Rails specific GemPlugins
** Signals ready.  TERM => stop.  USR2 => restart.  INT => stop (no restart).
** Rails signals registered.  HUP => reload (without restart).  It might not work well.
** Mongrel 1.1.4 available at 0.0.0.0:3100
** Use CTRL-C to stop.
a
a
a
a
a
a
a
a
a
a
a
a
a
a
a
a
a
a
a
a
a
a
a
a
a
a
a
a
a
a
a
a
a
a
a
a
a
a
a
a
a
a
a
a
a
a
a
a
a
a
a
a
a
a
a
a
a
a
a
a
a
a
a
a
a
a
a
a
a
a
a
a
a
a
a
a
a
a
a
a
a
a
a
a
a
a
a
a
a
a
a
a
a
a
a
a
a
a
a
a
a
a
a
a
a
a
a
a
a
a
a
a
a
a
a
a
a
a
a
a
a
a
a
a
a
a
a
a
a
a
a
a
a
a
a
a
a
a
a
a
a
a
a
a
a
a
a
a
a
a
a
a
a
a
a
a
a
a
a
a
a
a
a
a
a
a
a
a
a
a
a
a
a
a
a
a
a
a
a
a
a
a
a
a
a
a
a
a
a
a
a
a
a
a
a
a
a
a
a
a
a
a
a
a
a
a
a
a
a
a
a
a
a
a
a
a
a
a
a
a
a
a
a
a
a
a
a
a
a
a
a
a
a
a
a
a
a
a
a
a
a
a
a
a
a
a
a
a
a
a
a
a
a
a
a
a
a
a
a
a
a
a
a
a
a
a
a
a
a
a
a
a
a
a
a
a
a
a
a
a
a
a
a
a
a
a
a
a
a
a
a
a
a
a
a
a
a
a
a
a
** Starting Mongrel listening at 0.0.0.0:3100
/usr/local/ruby/lib/ruby/gems/1.8/gems/mongrel-1.1.4/bin/../lib/mongrel/tcphack.rb:12:in `initialize_without_backlog': Address already in use - bind(2) (Errno::EADDRINUSE)
	from /usr/local/ruby/lib/ruby/gems/1.8/gems/mongrel-1.1.4/bin/../lib/mongrel/tcphack.rb:12:in `initialize'
	from /usr/local/ruby/lib/ruby/gems/1.8/gems/mongrel-1.1.4/bin/../lib/mongrel.rb:93:in `new'
	from /usr/local/ruby/lib/ruby/gems/1.8/gems/mongrel-1.1.4/bin/../lib/mongrel.rb:93:in `initialize'
	from /usr/local/ruby/lib/ruby/gems/1.8/gems/mongrel-1.1.4/bin/../lib/mongrel/configurator.rb:139:in `new'
	from /usr/local/ruby/lib/ruby/gems/1.8/gems/mongrel-1.1.4/bin/../lib/mongrel/configurator.rb:139:in `listener'
	from /usr/local/ruby/lib/ruby/gems/1.8/gems/mongrel-1.1.4/bin/mongrel_rails:99:in `cloaker_'
	from /usr/local/ruby/lib/ruby/gems/1.8/gems/mongrel-1.1.4/bin/../lib/mongrel/configurator.rb:50:in `call'
	from /usr/local/ruby/lib/ruby/gems/1.8/gems/mongrel-1.1.4/bin/../lib/mongrel/configurator.rb:50:in `initialize'
	from /usr/local/ruby/lib/ruby/gems/1.8/gems/mongrel-1.1.4/bin/mongrel_rails:84:in `new'
	from /usr/local/ruby/lib/ruby/gems/1.8/gems/mongrel-1.1.4/bin/mongrel_rails:84:in `run'
	from /usr/local/ruby/lib/ruby/gems/1.8/gems/mongrel-1.1.4/bin/../lib/mongrel/command.rb:212:in `run'
	from /usr/local/ruby/lib/ruby/gems/1.8/gems/mongrel-1.1.4/bin/mongrel_rails:281
	from /usr/local/ruby/bin/mongrel_rails:19:in `load'
	from /usr/local/ruby/bin/mongrel_rails:19
** Starting Mongrel listening at 0.0.0.0:3100
** Starting Rails with production environment...
/usr/local/zc_sch/config/boot.rb:20:Warning: Gem::SourceIndex#search support for String patterns is deprecated
** Rails loaded.
** Loading any Rails specific GemPlugins
** Signals ready.  TERM => stop.  USR2 => restart.  INT => stop (no restart).
** Rails signals registered.  HUP => reload (without restart).  It might not work well.
** Mongrel 1.1.4 available at 0.0.0.0:3100
** Use CTRL-C to stop.
** Starting Mongrel listening at 0.0.0.0:3100
** Starting Rails with production environment...
/usr/local/zc_sch/config/boot.rb:20:Warning: Gem::SourceIndex#search support for String patterns is deprecated
** Rails loaded.
** Loading any Rails specific GemPlugins
** Signals ready.  TERM => stop.  USR2 => restart.  INT => stop (no restart).
** Rails signals registered.  HUP => reload (without restart).  It might not work well.
** Mongrel 1.1.4 available at 0.0.0.0:3100
** Use CTRL-C to stop.
** Starting Mongrel listening at 0.0.0.0:3100
** Starting Rails with production environment...
/usr/local/zc_sch/config/boot.rb:20:Warning: Gem::SourceIndex#search support for String patterns is deprecated
** Rails loaded.
** Loading any Rails specific GemPlugins
** Signals ready.  TERM => stop.  USR2 => restart.  INT => stop (no restart).
** Rails signals registered.  HUP => reload (without restart).  It might not work well.
** Mongrel 1.1.4 available at 0.0.0.0:3100
** Use CTRL-C to stop.
** Starting Mongrel listening at 0.0.0.0:3100
** Starting Rails with production environment...
/usr/local/zc_sch/config/boot.rb:20:Warning: Gem::SourceIndex#search support for String patterns is deprecated
** Rails loaded.
** Loading any Rails specific GemPlugins
** Signals ready.  TERM => stop.  USR2 => restart.  INT => stop (no restart).
** Rails signals registered.  HUP => reload (without restart).  It might not work well.
** Mongrel 1.1.4 available at 0.0.0.0:3100
** Use CTRL-C to stop.
** Starting Mongrel listening at 0.0.0.0:3100
** Starting Rails with production environment...
/usr/local/zc_sch/config/boot.rb:20:Warning: Gem::SourceIndex#search support for String patterns is deprecated
** Rails loaded.
** Loading any Rails specific GemPlugins
** Signals ready.  TERM => stop.  USR2 => restart.  INT => stop (no restart).
** Rails signals registered.  HUP => reload (without restart).  It might not work well.
** Mongrel 1.1.4 available at 0.0.0.0:3100
** Use CTRL-C to stop.
** Starting Mongrel listening at 0.0.0.0:3100
** Starting Rails with production environment...
/usr/local/zc_sch/config/boot.rb:20:Warning: Gem::SourceIndex#search support for String patterns is deprecated
** Rails loaded.
** Loading any Rails specific GemPlugins
** Signals ready.  TERM => stop.  USR2 => restart.  INT => stop (no restart).
** Rails signals registered.  HUP => reload (without restart).  It might not work well.
** Mongrel 1.1.4 available at 0.0.0.0:3100
** Use CTRL-C to stop.
** Starting Mongrel listening at 0.0.0.0:3100
** Starting Rails with production environment...
/usr/local/zc_sch/config/boot.rb:20:Warning: Gem::SourceIndex#search support for String patterns is deprecated
** Rails loaded.
** Loading any Rails specific GemPlugins
** Signals ready.  TERM => stop.  USR2 => restart.  INT => stop (no restart).
** Rails signals registered.  HUP => reload (without restart).  It might not work well.
** Mongrel 1.1.4 available at 0.0.0.0:3100
** Use CTRL-C to stop.
** Starting Mongrel listening at 0.0.0.0:3100
** Starting Rails with production environment...
/usr/local/zc_sch/config/boot.rb:20:Warning: Gem::SourceIndex#search support for String patterns is deprecated
** Rails loaded.
** Loading any Rails specific GemPlugins
** Signals ready.  TERM => stop.  USR2 => restart.  INT => stop (no restart).
** Rails signals registered.  HUP => reload (without restart).  It might not work well.
** Mongrel 1.1.4 available at 0.0.0.0:3100
** Use CTRL-C to stop.
** Starting Mongrel listening at 0.0.0.0:3100
** Starting Rails with production environment...
/usr/local/zc_sch/config/boot.rb:20:Warning: Gem::SourceIndex#search support for String patterns is deprecated
** Rails loaded.
** Loading any Rails specific GemPlugins
** Signals ready.  TERM => stop.  USR2 => restart.  INT => stop (no restart).
** Rails signals registered.  HUP => reload (without restart).  It might not work well.
** Mongrel 1.1.4 available at 0.0.0.0:3100
** Use CTRL-C to stop.
** Starting Mongrel listening at 0.0.0.0:3100
** Starting Rails with production environment...
/usr/local/zc_sch/config/boot.rb:20:Warning: Gem::SourceIndex#search support for String patterns is deprecated
** Rails loaded.
** Loading any Rails specific GemPlugins
** Signals ready.  TERM => stop.  USR2 => restart.  INT => stop (no restart).
** Rails signals registered.  HUP => reload (without restart).  It might not work well.
** Mongrel 1.1.4 available at 0.0.0.0:3100
** Use CTRL-C to stop.
** TERM signal received.
================================================================================
scheduler caught exception :
Mysql::Error: Lost connection to MySQL server during query: SELECT * FROM sys_args WHERE (sys_args.`code` = '2001')  LIMIT 1
================================================================================
** Starting Mongrel listening at 0.0.0.0:3100
** Starting Rails with production environment...
/usr/local/zc_sch/config/boot.rb:20:Warning: Gem::SourceIndex#search support for String patterns is deprecated
** Rails loaded.
** Loading any Rails specific GemPlugins
** Signals ready.  TERM => stop.  USR2 => restart.  INT => stop (no restart).
** Rails signals registered.  HUP => reload (without restart).  It might not work well.
** Mongrel 1.1.4 available at 0.0.0.0:3100
** Use CTRL-C to stop.
** Starting Mongrel listening at 0.0.0.0:3100
** Starting Rails with production environment...
/usr/local/zc_sch/config/boot.rb:20:Warning: Gem::SourceIndex#search support for String patterns is deprecated
** Rails loaded.
** Loading any Rails specific GemPlugins
** Signals ready.  TERM => stop.  USR2 => restart.  INT => stop (no restart).
** Rails signals registered.  HUP => reload (without restart).  It might not work well.
** Mongrel 1.1.4 available at 0.0.0.0:3100
** Use CTRL-C to stop.
** Starting Mongrel listening at 0.0.0.0:3100
** Starting Rails with production environment...
/usr/local/zc_sch/config/boot.rb:20:Warning: Gem::SourceIndex#search support for String patterns is deprecated
** Rails loaded.
** Loading any Rails specific GemPlugins
** Signals ready.  TERM => stop.  USR2 => restart.  INT => stop (no restart).
** Rails signals registered.  HUP => reload (without restart).  It might not work well.
** Mongrel 1.1.4 available at 0.0.0.0:3100
** Use CTRL-C to stop.
** !!! PID file /usr/local/zc_sch/log/mongrel_pid/mongrel_3100.pid already exists.  Mongrel could be running already.  Check your log/mongrel.log for errors.
** !!! Exiting with error.  You must stop mongrel and clear the .pid before I'll attempt a start.
