+OK Quiting connection
+OK SM_ID 42388575
+OK SM_ID 42388576
+OK Quiting connection
+OK SM_ID 42388647
+OK SM_ID 42388649
+OK Quiting connection
+OK SM_ID 42388757
+OK SM_ID 42388759
+OK Quiting connection
+OK Quiting connection
+OK Quiting connection
+OK SM_ID 42389143
+OK SM_ID 42389145
+OK Quiting connection
+OK SM_ID 42389469
+OK SM_ID 42389470
+OK Quiting connection
[2010-04-01 星期四 10:42:04] 
login fail!
+OK Quiting connection
[2010-04-01 星期四 10:43:47] 
login fail!
+OK Quiting connection
[2010-04-01 星期四 10:47:23] 
login fail!
+OK Quiting connection
[2010-04-01 星期四 10:48:14] 
login fail!
+OK Quiting connection
+OK Quiting connection
+OK SM_ID 42391595
+OK SM_ID 42391598
+OK Quiting connection
+OK SM_ID 42392406
+OK SM_ID 42392408
+OK Quiting connection
+OK SM_ID 42392876
+OK SM_ID 42392877
+OK Quiting connection
+OK SM_ID 42393786
+OK SM_ID 42393787
+OK Quiting connection
+OK SM_ID 42754015
+OK Quiting connection
+OK Quiting connection
+OK Quiting connection
+OK SM_ID 42754595
+OK SM_ID 42754596
+OK Quiting connection
+OK SM_ID 42755702
+OK SM_ID 42755704
+OK Quiting connection
+OK Quiting connection
+OK Quiting connection
+OK SM_ID 42755962
+OK SM_ID 42755963
+OK Quiting connection
+OK Quiting connection
+OK SM_ID 42756319
+OK SM_ID 42756321
+OK Quiting connection
+OK SM_ID 42760494
+OK SM_ID 42760495
+OK Quiting connection
+OK Quiting connection
+OK Quiting connection
+OK Quiting connection
+OK SM_ID 42761640
+OK SM_ID 42761642
+OK Quiting connection
+OK SM_ID 42762652
+OK SM_ID 42762653
+OK Quiting connection
+OK SM_ID 42762732
+OK SM_ID 42762733
+OK Quiting connection
+OK Quiting connection
+OK SM_ID 42763311
+OK Quiting connection
+OK Quiting connection
+OK SM_ID 42765956
+OK Quiting connection
+OK SM_ID 42766189
+OK SM_ID 42766191
+OK Quiting connection
+OK SM_ID 42766271
+OK SM_ID 42766272
+OK Quiting connection
+OK SM_ID 42766297
+OK Quiting connection
+OK SM_ID 42766302
+OK Quiting connection
+OK SM_ID 43051445
+OK Quiting connection
+OK SM_ID 43051633
+OK Quiting connection
+OK SM_ID 43054755
+OK Quiting connection
+OK SM_ID 43058873
+OK Quiting connection
+OK SM_ID 43059041
+OK Quiting connection
+OK SM_ID 43059365
+OK Quiting connection
+OK SM_ID 43059786
+OK Quiting connection
+OK SM_ID 43060339
+OK Quiting connection
+OK SM_ID 43060787
+OK Quiting connection
+OK SM_ID 43061130
+OK Quiting connection
+OK SM_ID 43061336
+OK Quiting connection
+OK SM_ID 43061523
+OK Quiting connection
+OK SM_ID 43062109
+OK Quiting connection
+OK SM_ID 43062309
+OK Quiting connection
+OK SM_ID 43063334
+OK Quiting connection
+OK SM_ID 43064487
+OK Quiting connection
+OK SM_ID 43064728
+OK Quiting connection
+OK SM_ID 43071619
+OK Quiting connection
+OK SM_ID 43072721
+OK Quiting connection
+OK SM_ID 43072926
+OK Quiting connection
+OK SM_ID 43074064
+OK Quiting connection
+OK SM_ID 43076071
+OK Quiting connection
+OK SM_ID 43076450
+OK Quiting connection
+OK SM_ID 43077224
+OK Quiting connection
+OK SM_ID 43078036
+OK Quiting connection
+OK SM_ID 43080021
+OK Quiting connection
+OK Quiting connection
+OK Quiting connection
+OK SM_ID 43080482
+OK Quiting connection
+OK SM_ID 43080925
+OK Quiting connection
+OK Quiting connection
+OK Quiting connection
+OK Quiting connection
+OK Quiting connection
+OK Quiting connection
+OK Quiting connection
+OK Quiting connection
+OK Quiting connection
+OK Quiting connection
+OK SM_ID 43120322
+OK Quiting connection
+OK Quiting connection
+OK SM_ID 43121015
+OK Quiting connection
+OK SM_ID 43121251
+OK Quiting connection
+OK SM_ID 43121438
+OK Quiting connection
+OK Quiting connection
+OK SM_ID 43123109
+OK Quiting connection
+OK SM_ID 43123262
+OK Quiting connection
+OK Quiting connection
+OK Quiting connection
+OK SM_ID 43124103
+OK Quiting connection
+OK Quiting connection
+OK Quiting connection
+OK Quiting connection
+OK Quiting connection
+OK Quiting connection
+OK Quiting connection
+OK Quiting connection
+OK Quiting connection
+OK Quiting connection
+OK Quiting connection
+OK Quiting connection
+OK Quiting connection
+OK Quiting connection
+OK Quiting connection
+OK Quiting connection
+OK Quiting connection
+OK Quiting connection
+OK Quiting connection
+OK Quiting connection
+OK Quiting connection
+OK Quiting connection
+OK Quiting connection
+OK Quiting connection
+OK Quiting connection
+OK Quiting connection
+OK Quiting connection
+OK Quiting connection
+OK Quiting connection
+OK Quiting connection
+OK Quiting connection
+OK Quiting connection
+OK Quiting connection
+OK Quiting connection
+OK Quiting connection
+OK Quiting connection
+OK Quiting connection
+OK Quiting connection
+OK Quiting connection
+OK Quiting connection
+OK Quiting connection
+OK Quiting connection
+OK Quiting connection
+OK Quiting connection
+OK Quiting connection
+OK Quiting connection
+OK Quiting connection
+OK Quiting connection
+OK Quiting connection
+OK Quiting connection
+OK SM_ID 43154394
+OK Quiting connection
+OK Quiting connection
+OK SM_ID 43154560
+OK Quiting connection
+OK Quiting connection
+OK Quiting connection
+OK Quiting connection
+OK Quiting connection
+OK Quiting connection
+OK Quiting connection
+OK Quiting connection
+OK Quiting connection
+OK Quiting connection
+OK Quiting connection
+OK Quiting connection
+OK Quiting connection
+OK Quiting connection
+OK Quiting connection
+OK Quiting connection
+OK SM_ID 43157939
+OK Quiting connection
+OK Quiting connection
+OK Quiting connection
+OK SM_ID 43158242
+OK Quiting connection
+OK SM_ID 43158334
+OK Quiting connection
+OK SM_ID 43158577
+OK Quiting connection
+OK SM_ID 43159537
+OK Quiting connection
+OK SM_ID 43161173
+OK Quiting connection
+OK SM_ID 43207814
+OK Quiting connection
+OK SM_ID 43208231
+OK Quiting connection
+OK SM_ID 43838283
+OK SM_ID 43838284
-ERR SM Send Fail!
+OK Quiting connection
+OK SM_ID 43838336
+OK Quiting connection
+OK Quiting connection
+OK SM_ID 43844802
+OK Quiting connection
+OK SM_ID 44179596
+OK SM_ID 44179597
+OK SM_ID 44179598
+OK Quiting connection
+OK SM_ID 44867140
+OK SM_ID 44867141
+OK SM_ID 44867142
+OK SM_ID 44867143
+OK SM_ID 44867144
+OK SM_ID 44867145
+OK Quiting connection
+OK SM_ID 44867874
+OK Quiting connection
+OK SM_ID 46303176
+OK Quiting connection
+OK Quiting connection
+OK Quiting connection
+OK SM_ID 47157102
+OK SM_ID 47157103
+OK SM_ID 47157104
+OK SM_ID 47157105
+OK SM_ID 47157106
+OK Quiting connection
+OK SM_ID 47828804
+OK SM_ID 47828805
+OK SM_ID 47828806
+OK Quiting connection
+OK SM_ID 47885818
+OK SM_ID 47885819
+OK SM_ID 47885820
+OK Quiting connection
+OK Quiting connection
+OK SM_ID 47885984
+OK SM_ID 47885986
+OK Quiting connection
+OK SM_ID 47997243
+OK SM_ID 47997244
+OK SM_ID 47997245
+OK SM_ID 47997246
+OK Quiting connection
+OK SM_ID 48248407
+OK Quiting connection
+OK SM_ID 48266863
+OK SM_ID 48266864
+OK SM_ID 48266865
+OK SM_ID 48266866
+OK Quiting connection
+OK SM_ID 48464800
+OK SM_ID 48464801
+OK SM_ID 48464802
+OK SM_ID 48464803
+OK SM_ID 48464804
+OK SM_ID 48464805
+OK SM_ID 48464806
+OK SM_ID 48464807
+OK SM_ID 48464808
+OK SM_ID 48464809
+OK Quiting connection
-ERR SM Send Fail!
+OK SM_ID 49095884
+OK SM_ID 49095885
+OK SM_ID 49095886
+OK Quiting connection
[2011-02-24 星期四 14:12:52] 
login fail!
+OK Quiting connection
[2011-02-25 星期五 16:56:45] 
login fail!
+OK Quiting connection
[2011-03-04 星期五 08:46:23] 
login fail!
+OK Quiting connection
[2011-03-08 星期二 14:06:27] 
login fail!
+OK Quiting connection
[2011-03-08 星期二 14:42:53] 
login fail!
+OK Quiting connection
+OK SM_ID 49467983
+OK Quiting connection
+OK Quiting connection
+OK Quiting connection
+OK Quiting connection
+OK Quiting connection
+OK Quiting connection
+OK Quiting connection
+OK Quiting connection
+OK Quiting connection
